0 verbose cli /usr/local/bin/node /usr/local/bin/npm
1 info using npm@10.8.3
2 info using node@v20.17.0
3 silly config load:file:/usr/local/lib/node_modules/npm/npmrc
4 silly config load:file:/home/container/.npmrc
5 silly config load:file:/usr/local/etc/npmrc
6 verbose title npm install : error: cannot find module '../loaders/loaddatabase : error: cannot find module 'mysql : error: cannot find module 'mysql : error: cannot find module 'mysql : error: cannot find module 'mysql
7 verbose argv "install" ":" "error:" "cannot" "find" "module" "'../loaders/loaddatabase" ":" "error:" "cannot" "find" "module" "'mysql" ":" "error:" "cannot" "find" "module" "'mysql" ":" "error:" "cannot" "find" "module" "'mysql" ":" "error:" "cannot" "find" "module" "'mysql"
8 verbose logfile logs-max:10 dir:/home/container/.npm/_logs/2024-09-13T10_28_57_849Z-
9 verbose logfile /home/container/.npm/_logs/2024-09-13T10_28_57_849Z-debug-0.log
10 silly packumentCache heap:2197815296 maxSize:549453824 maxEntrySize:274726912
11 silly logfile start cleaning logs, removing 1 files
12 silly logfile done cleaning log files
13 verbose stack Error: Invalid tag name ":" of package ":": Tags may not have any characters that encodeURIComponent encodes.
13 verbose stack     at invalidTagName (/usr/local/lib/node_modules/npm/node_modules/npm-package-arg/lib/npa.js:118:15)
13 verbose stack     at fromRegistry (/usr/local/lib/node_modules/npm/node_modules/npm-package-arg/lib/npa.js:410:13)
13 verbose stack     at resolve (/usr/local/lib/node_modules/npm/node_modules/npm-package-arg/lib/npa.js:87:12)
13 verbose stack     at npa (/usr/local/lib/node_modules/npm/node_modules/npm-package-arg/lib/npa.js:53:10)
13 verbose stack     at /usr/local/lib/node_modules/npm/node_modules/@npmcli/arborist/lib/arborist/build-ideal-tree.js:504:18
13 verbose stack     at Array.map (<anonymous>)
13 verbose stack     at #add (/usr/local/lib/node_modules/npm/node_modules/@npmcli/arborist/lib/arborist/build-ideal-tree.js:501:27)
13 verbose stack     at #applyUserRequestsToNode (/usr/local/lib/node_modules/npm/node_modules/@npmcli/arborist/lib/arborist/build-ideal-tree.js:470:22)
13 verbose stack     at #applyUserRequests (/usr/local/lib/node_modules/npm/node_modules/@npmcli/arborist/lib/arborist/build-ideal-tree.js:405:42)
13 verbose stack     at Arborist.buildIdealTree (/usr/local/lib/node_modules/npm/node_modules/@npmcli/arborist/lib/arborist/build-ideal-tree.js:180:36)
14 error code EINVALIDTAGNAME
15 error Invalid tag name ":" of package ":": Tags may not have any characters that encodeURIComponent encodes.
16 silly unfinished npm timer reify 1726223338167
17 silly unfinished npm timer reify:loadTrees 1726223338174
18 silly unfinished npm timer idealTree:userRequests 1726223338215
19 verbose cwd /home/container
20 verbose os Linux 6.1.0-21-amd64
21 verbose node v20.17.0
22 verbose npm  v10.8.3
23 verbose exit 1
24 verbose code 1
25 error A complete log of this run can be found in: /home/container/.npm/_logs/2024-09-13T10_28_57_849Z-debug-0.log
