0 verbose cli /usr/local/bin/node /usr/local/bin/npm
1 info using npm@10.8.3
2 info using node@v20.17.0
3 silly config load:file:/usr/local/lib/node_modules/npm/npmrc
4 silly config load:file:/home/container/.npmrc
5 silly config load:file:/usr/local/etc/npmrc
6 verbose title npm install
7 verbose argv "install"
8 verbose logfile logs-max:10 dir:/home/container/.npm/_logs/2024-09-14T18_29_19_863Z-
9 verbose logfile /home/container/.npm/_logs/2024-09-14T18_29_19_863Z-debug-0.log
10 silly packumentCache heap:2197815296 maxSize:549453824 maxEntrySize:274726912
11 silly logfile start cleaning logs, removing 1 files
12 silly logfile done cleaning log files
13 silly idealTree buildDeps
14 silly reify moves {}
15 silly audit bulk request {
15 silly audit   '@discordjs/builders': [ '1.8.2' ],
15 silly audit   '@discordjs/collection': [ '1.5.3', '2.1.0' ],
15 silly audit   '@discordjs/formatters': [ '0.4.0' ],
15 silly audit   '@discordjs/rest': [ '2.3.0' ],
15 silly audit   '@discordjs/util': [ '1.1.0' ],
15 silly audit   '@discordjs/ws': [ '1.1.1' ],
15 silly audit   '@sapphire/async-queue': [ '1.5.3' ],
15 silly audit   '@sapphire/shapeshift': [ '3.9.7' ],
15 silly audit   '@sapphire/snowflake': [ '3.5.3' ],
15 silly audit   '@types/node': [ '22.5.0' ],
15 silly audit   '@types/ws': [ '8.5.12' ],
15 silly audit   '@vladfrangu/async_event_emitter': [ '2.4.6' ],
15 silly audit   anymatch: [ '3.1.3' ],
15 silly audit   'balanced-match': [ '1.0.2' ],
15 silly audit   'bignumber.js': [ '9.0.0' ],
15 silly audit   'binary-extensions': [ '2.3.0' ],
15 silly audit   'brace-expansion': [ '1.1.11' ],
15 silly audit   braces: [ '3.0.3' ],
15 silly audit   chokidar: [ '3.6.0' ],
15 silly audit   'concat-map': [ '0.0.1' ],
15 silly audit   'core-util-is': [ '1.0.3' ],
15 silly audit   debug: [ '4.3.6' ],
15 silly audit   ms: [ '2.1.2', '2.1.3' ],
15 silly audit   'discord-api-types': [ '0.37.83' ],
15 silly audit   'discord.js': [ '14.15.3' ],
15 silly audit   'fast-deep-equal': [ '3.1.3' ],
15 silly audit   'fill-range': [ '7.1.1' ],
15 silly audit   fs: [ '0.0.1-security' ],
15 silly audit   fsevents: [ '2.3.3' ],
15 silly audit   'glob-parent': [ '5.1.2' ],
15 silly audit   'has-flag': [ '3.0.0' ],
15 silly audit   'ignore-by-default': [ '1.0.1' ],
15 silly audit   inherits: [ '2.0.4' ],
15 silly audit   'is-binary-path': [ '2.1.0' ],
15 silly audit   'is-extglob': [ '2.1.1' ],
15 silly audit   'is-glob': [ '4.0.3' ],
15 silly audit   'is-number': [ '7.0.0' ],
15 silly audit   isarray: [ '1.0.0' ],
15 silly audit   lodash: [ '4.17.21' ],
15 silly audit   'lodash.snakecase': [ '4.1.1' ],
15 silly audit   'magic-bytes.js': [ '1.10.0' ],
15 silly audit   minimatch: [ '3.1.2' ],
15 silly audit   moment: [ '2.30.1' ],
15 silly audit   mysql: [ '2.18.1' ],
15 silly audit   nodemon: [ '3.1.4' ],
15 silly audit   'normalize-path': [ '3.0.0' ],
15 silly audit   picomatch: [ '2.3.1' ],
15 silly audit   prettier: [ '3.3.3' ],
15 silly audit   'process-nextick-args': [ '2.0.1' ],
15 silly audit   'pstree.remy': [ '1.1.8' ],
15 silly audit   'readable-stream': [ '2.3.7' ],
15 silly audit   readdirp: [ '3.6.0' ],
15 silly audit   rest: [ '2.0.0' ],
15 silly audit   'safe-buffer': [ '5.1.2' ],
15 silly audit   semver: [ '7.6.3' ],
15 silly audit   'simple-update-notifier': [ '2.0.0' ],
15 silly audit   sqlstring: [ '2.3.1' ],
15 silly audit   string_decoder: [ '1.1.1' ],
15 silly audit   'supports-color': [ '5.5.0' ],
15 silly audit   'to-regex-range': [ '5.0.1' ],
15 silly audit   touch: [ '3.1.1' ],
15 silly audit   'ts-mixer': [ '6.0.4' ],
15 silly audit   tslib: [ '2.6.2' ],
15 silly audit   undefsafe: [ '2.0.5' ],
15 silly audit   undici: [ '6.13.0' ],
15 silly audit   'undici-types': [ '6.19.8' ],
15 silly audit   'util-deprecate': [ '1.0.2' ],
15 silly audit   ws: [ '8.18.0' ]
15 silly audit }
16 verbose reify failed optional dependency /home/container/node_modules/fsevents
17 silly reify mark deleted [ '/home/container/node_modules/fsevents' ]
18 http fetch POST 200 https://registry.npmjs.org/-/npm/v1/security/advisories/bulk 402ms
19 silly audit report {}
20 silly ADD
21 verbose cwd /home/container
22 verbose os Linux 6.1.0-21-amd64
23 verbose node v20.17.0
24 verbose npm  v10.8.3
25 verbose exit 0
26 info ok
